<?xml version="1.0" encoding="UTF-8"?>
<testsuite name="HelloWorldTest" tests="4" skipped="0" failures="0" errors="0" timestamp="2020-07-27T07:39:29" hostname="ADITYA" time="0.088">
  <properties/>
  <testcase name="subtractNumber" classname="HelloWorldTest" time="0.068"/>
  <testcase name="addNumber" classname="HelloWorldTest" time="0.0"/>
  <testcase name="multiplyNumber" classname="HelloWorldTest" time="0.0"/>
  <testcase name="divideNumber" classname="HelloWorldTest" time="0.017"/>
  <system-out><![CDATA[]]></system-out>
  <system-err><![CDATA[]]></system-err>
</testsuite>
