<?xml version="1.0" encoding="UTF-8"?>
<testsuite name="HelloWorldTest" tests="4" skipped="0" failures="0" errors="0" timestamp="2020-07-27T10:21:48" hostname="ADITYA" time="0.088">
  <properties/>
  <testcase name="subtractNumber" classname="HelloWorldTest" time="0.072"/>
  <testcase name="addNumber" classname="HelloWorldTest" time="0.001"/>
  <testcase name="multiplyNumber" classname="HelloWorldTest" time="0.001"/>
  <testcase name="divideNumber" classname="HelloWorldTest" time="0.014"/>
  <system-out><![CDATA[]]></system-out>
  <system-err><![CDATA[]]></system-err>
</testsuite>
